Mini Trading Engine CLI (type HELP for usage)
Added LIMIT order: BUY 10 @ 100.5
[DEBUG] MATCH SELL: bestBidPrice=100.5 order.price=100.4 tradedQty=5
{"tradeId":1,"buyOrderId":1,"sellOrderId":2,"price":100.5,"quantity":5,"timestamp":34450596952639}
Top of Book:
Best Bid: 100.5 (1 orders)
Best Ask: None
[DEBUG] MATCH SELL: bestBidPrice=100.5 order.price=100.5 tradedQty=5
Added LIMIT order: SELL 3 @ 100.5
{"tradeId":2,"buyOrderId":1,"sellOrderId":3,"price":100.5,"quantity":5,"timestamp":34450597220239}
Top of Book:
Best Bid: None
Best Ask: 100.5 (1 orders)
[DEBUG] MATCH BUY: bestAskPrice=100.5 order.price=100.6 tradedQty=3
Added LIMIT order: BUY 1 @ 100.6
{"tradeId":3,"buyOrderId":4,"sellOrderId":3,"price":100.5,"quantity":3,"timestamp":34450597402449}
Added LIMIT order: BUY 6 @ 100.6
[DEBUG] MATCH SELL: bestBidPrice=100.6 order.price=100.6 tradedQty=1
[DEBUG] MATCH SELL: bestBidPrice=100.6 order.price=100.6 tradedQty=6
{"tradeId":4,"buyOrderId":4,"sellOrderId":6,"price":100.6,"quantity":1,"timestamp":34450597621788}
{"tradeId":5,"buyOrderId":5,"sellOrderId":6,"price":100.6,"quantity":6,"timestamp":34450597621788}
Top of Book:
Best Bid: None
Best Ask: None
Added LIMIT order: BUY 5 @ 200
[DEBUG] MATCH SELL: bestBidPrice=200 order.price=199.5 tradedQty=2
{"tradeId":6,"buyOrderId":7,"sellOrderId":8,"price":200,"quantity":2,"timestamp":34450597894998}
[DEBUG] MATCH SELL: bestBidPrice=200 order.price=199 tradedQty=3
Added LIMIT order: SELL 1 @ 199
{"tradeId":7,"buyOrderId":7,"sellOrderId":9,"price":200,"quantity":3,"timestamp":34450597995689}
[DEBUG] MATCH BUY: bestAskPrice=199 order.price=inf tradedQty=1
Added LIMIT order: BUY 5 @ inf
{"tradeId":8,"buyOrderId":10,"sellOrderId":9,"price":199,"quantity":1,"timestamp":34450598209151}
Top of Book:
Best Bid: inf (1 orders)
Best Ask: None
Added LIMIT order: BUY 5 @ inf
Top of Book:
Best Bid: inf (2 orders)
Best Ask: None
Added LIMIT order: BUY 10 @ 500
Cancelled order 12
Top of Book:
Best Bid: inf (2 orders)
Best Ask: None
Added LIMIT order: BUY 10 @ 1500
[DEBUG] MATCH SELL: bestBidPrice=inf order.price=1500 tradedQty=4
{"tradeId":9,"buyOrderId":10,"sellOrderId":14,"price":inf,"quantity":4,"timestamp":34450598766099}
Cancelled order 13
Top of Book:
Best Bid: inf (2 orders)
Best Ask: None
Added LIMIT order: BUY 2 @ 101
[DEBUG] MATCH SELL: bestBidPrice=inf order.price=1200 tradedQty=1
{"tradeId":10,"buyOrderId":10,"sellOrderId":16,"price":inf,"quantity":1,"timestamp":34450599192172}
[DEBUG] MATCH SELL: bestBidPrice=inf order.price=101 tradedQty=1
{"tradeId":11,"buyOrderId":11,"sellOrderId":17,"price":inf,"quantity":1,"timestamp":34450599337678}
Top of Book:
Best Bid: inf (1 orders)
Best Ask: None
Added LIMIT order: BUY 50 @ 10
Added LIMIT order: BUY 50 @ 9.5
Added LIMIT order: BUY 50 @ 9
[DEBUG] MATCH SELL: bestBidPrice=inf order.price=9 tradedQty=4
[DEBUG] MATCH SELL: bestBidPrice=101 order.price=9 tradedQty=2
[DEBUG] MATCH SELL: bestBidPrice=10 order.price=9 tradedQty=50
[DEBUG] MATCH SELL: bestBidPrice=9.5 order.price=9 tradedQty=50
[DEBUG] MATCH SELL: bestBidPrice=9 order.price=9 tradedQty=14
{"tradeId":12,"buyOrderId":11,"sellOrderId":23,"price":inf,"quantity":4,"timestamp":34450599806024}
{"tradeId":13,"buyOrderId":15,"sellOrderId":23,"price":101,"quantity":2,"timestamp":34450599806024}
{"tradeId":14,"buyOrderId":20,"sellOrderId":23,"price":10,"quantity":50,"timestamp":34450599806024}
{"tradeId":15,"buyOrderId":21,"sellOrderId":23,"price":9.5,"quantity":50,"timestamp":34450599806024}
{"tradeId":16,"buyOrderId":22,"sellOrderId":23,"price":9,"quantity":14,"timestamp":34450599806024}
Top of Book:
Best Bid: 9 (1 orders)
Best Ask: None
Added LIMIT order: BUY 10 @ 5
[DEBUG] MATCH SELL: bestBidPrice=9 order.price=4.5 tradedQty=5
{"tradeId":17,"buyOrderId":22,"sellOrderId":24,"price":9,"quantity":5,"timestamp":34450600479817}
Top of Book:
Best Bid: 9 (1 orders)
Best Ask: None
Top of Book:
Best Bid: 9 (1 orders)
Best Ask: None
Exiting.
